20:35:53:859  INFO 287696 --- [main] com.hmall.item.ItemApplication           : Starting ItemApplication using Java 21.0.4 on DESKTOP-5NBVS63 with PID 287696 (D:\project\hmall\item-service\target\classes started by 王超朋 in D:\project\hmall)
20:35:53:861 DEBUG 287696 --- [main] com.hmall.item.ItemApplication           : Running with Spring Boot v2.7.12, Spring v5.3.27
20:35:53:861  INFO 287696 --- [main] com.hmall.item.ItemApplication           : The following 1 profile is active: "local"
20:35:54:668  INFO 287696 --- [main] .s.d.r.c.RepositoryConfigurationDelegate : Multiple Spring Data modules found, entering strict repository configuration mode
20:35:54:672  INFO 287696 --- [main] .s.d.r.c.RepositoryConfigurationDelegate : Bootstrapping Spring Data Redis repositories in DEFAULT mode.
20:35:54:698  INFO 287696 --- [main] .s.d.r.c.RepositoryConfigurationDelegate : Finished Spring Data repository scanning in 10 ms. Found 0 Redis repository interfaces.
20:35:55:305  INFO 287696 --- [main] o.s.b.w.embedded.tomcat.TomcatWebServer  : Tomcat initialized with port(s): 8081 (http)
20:35:55:312  INFO 287696 --- [main] o.apache.catalina.core.StandardService   : Starting service [Tomcat]
20:35:55:313  INFO 287696 --- [main] org.apache.catalina.core.StandardEngine  : Starting Servlet engine: [Apache Tomcat/9.0.75]
20:35:55:456  INFO 287696 --- [main] o.a.c.c.C.[Tomcat].[localhost].[/]       : Initializing Spring embedded WebApplicationContext
20:35:55:456  INFO 287696 --- [main] w.s.c.ServletWebServerApplicationContext : Root WebApplicationContext: initialization completed in 1548 ms
20:35:56:363  INFO 287696 --- [main] pertySourcedRequestMappingHandlerMapping : Mapped URL path [/v2/api-docs] onto method [springfox.documentation.swagger2.web.Swagger2ControllerWebMvc#getDocumentation(String, HttpServletRequest)]
20:35:56:741  INFO 287696 --- [main] o.s.b.w.embedded.tomcat.TomcatWebServer  : Tomcat started on port(s): 8081 (http) with context path ''
20:35:56:742  INFO 287696 --- [main] d.s.w.p.DocumentationPluginsBootstrapper : Documentation plugins bootstrapped
20:35:56:744  INFO 287696 --- [main] d.s.w.p.DocumentationPluginsBootstrapper : Found 1 custom documentation plugin(s)
20:35:56:773  INFO 287696 --- [main] s.d.s.w.s.ApiListingReferenceScanner     : Scanning for api listing references
20:35:56:889  INFO 287696 --- [main] com.hmall.item.ItemApplication           : Started ItemApplication in 3.426 seconds (JVM running for 4.089)
20:36:12:288  INFO 287696 --- [http-nio-8081-exec-1] o.a.c.c.C.[Tomcat].[localhost].[/]       : Initializing Spring DispatcherServlet 'dispatcherServlet'
20:36:12:289  INFO 287696 --- [http-nio-8081-exec-1] o.s.web.servlet.DispatcherServlet        : Initializing Servlet 'dispatcherServlet'
20:36:12:290  INFO 287696 --- [http-nio-8081-exec-1] o.s.web.servlet.DispatcherServlet        : Completed initialization in 1 ms
20:44:08:642  INFO 287696 --- [http-nio-8081-exec-4] com.zaxxer.hikari.HikariDataSource       : HikariPool-1 - Starting...
20:44:08:920  INFO 287696 --- [http-nio-8081-exec-4] com.zaxxer.hikari.HikariDataSource       : HikariPool-1 - Start completed.
20:44:08:928 DEBUG 287696 --- [http-nio-8081-exec-4] c.h.i.mapper.ItemMapper.selectBatchIds   : ==>  Preparing: SELECT id,name,price,stock,image,category,brand,spec,sold,comment_count,isAD,status,create_time,update_time,creater,updater FROM item WHERE id IN ( ? , ? , ? )
20:44:08:951 DEBUG 287696 --- [http-nio-8081-exec-4] c.h.i.mapper.ItemMapper.selectBatchIds   : ==> Parameters: 100002672302(Long), 100002624500(Long), 100002533430(Long)
20:44:08:984 DEBUG 287696 --- [http-nio-8081-exec-4] c.h.i.mapper.ItemMapper.selectBatchIds   : <==      Total: 3
20:47:24:096  INFO 287696 --- [SpringApplicationShutdownHook] com.zaxxer.hikari.HikariDataSource       : HikariPool-1 - Shutdown initiated...
20:47:24:105  INFO 287696 --- [SpringApplicationShutdownHook] com.zaxxer.hikari.HikariDataSource       : HikariPool-1 - Shutdown completed.
